<?xml version="1.0" encoding="UTF-8"?>
<!-- Generated by org.testng.reporters.JUnitXMLReporter -->
<testsuite ignored="0" hostname="RADHEKRISHNA" failures="0" tests="4" name="Default test" time="130.978" errors="0" timestamp="20 May 2023 18:00:51 GMT">
  <testcase classname="tutorialNinja.Tutorial" name="register" time="5.741"/>
  <testcase classname="tutorialNinja.Tutorial" name="login" time="4.931"/>
  <testcase classname="tutorialNinja.Tutorial" name="addtcart" time="13.866"/>
  <testcase classname="tutorialNinja.Tutorial" name="checkout" time="30.294"/>
</testsuite> <!-- Default test -->
